Arguments: 
  /usr/bin/node /root/.yarn/bin/yarn.js add bootstrao --dev

PATH: 
  /root/.yarn/bin:/root/.config/yarn/global/node_modules/.bin:/usr/local/sbin:/usr/local/bin:/usr/sbin:/usr/bin:/sbin:/bin:/snap/bin:/usr/local/rvm/bin

Yarn version: 
  1.22.5

Node version: 
  15.6.0

Platform: 
  linux x64

Trace: 
  Error: https://registry.yarnpkg.com/bootstrao: Not found
      at Request.params.callback [as _callback] (/root/.yarn/lib/cli.js:66988:18)
      at Request.self.callback (/root/.yarn/lib/cli.js:140749:22)
      at Request.emit (node:events:379:20)
      at Request.<anonymous> (/root/.yarn/lib/cli.js:141721:10)
      at Request.emit (node:events:379:20)
      at IncomingMessage.<anonymous> (/root/.yarn/lib/cli.js:141643:12)
      at Object.onceWrapper (node:events:485:28)
      at IncomingMessage.emit (node:events:391:22)
      at endReadableNT (node:internal/streams/readable:1307:12)
      at processTicksAndRejections (node:internal/process/task_queues:81:21)

npm manifest: 
  No manifest

yarn manifest: 
  No manifest

Lockfile: 
  No lockfile
